<?xml version="1.0" encoding="UTF-8"?>
<!-- Generated by org.testng.reporters.JUnitReportReporter -->
<testsuite hostname="DESKTOP-NSKERIB" failures="0" tests="1" name="com.test.LoginTest" time="29.462" errors="0" timestamp="2024-04-15T09:58:00 IST" skipped="0">
  <testcase classname="com.test.LoginTest" name="loginTestPositive" time="29.462"/>
  <system-out/>
</testsuite> <!-- com.test.LoginTest -->
